[debug] [2024-05-24T03:56:56.228Z] ----------------------------------------------------------------------
[debug] [2024-05-24T03:56:56.230Z] Command:       /Users/zrhun/.nvm/versions/node/v18.20.3/bin/node /Users/zrhun/.nvm/versions/node/v18.20.3/bin/firebase init
[debug] [2024-05-24T03:56:56.230Z] CLI Version:   13.10.0
[debug] [2024-05-24T03:56:56.230Z] Platform:      darwin
[debug] [2024-05-24T03:56:56.231Z] Node Version:  v18.20.3
[debug] [2024-05-24T03:56:56.240Z] Time:          Fri May 24 2024 11:56:56 GMT+0800 (Malaysia Time)
[debug] [2024-05-24T03:56:56.241Z] ----------------------------------------------------------------------
[debug] 
[debug] [2024-05-24T03:56:56.249Z] > command requires scopes: ["email","openid","https://www.googleapis.com/auth/cloudplatformprojects.readonly","https://www.googleapis.com/auth/firebase","https://www.googleapis.com/auth/cloud-platform"]
[debug] [2024-05-24T03:56:56.249Z] > authorizing via signed-in user (b200180b@gmail.com)
[info] 
     ######## #### ########  ######## ########     ###     ######  ########
     ##        ##  ##     ## ##       ##     ##  ##   ##  ##       ##
     ######    ##  ########  ######   ########  #########  ######  ######
     ##        ##  ##    ##  ##       ##     ## ##     ##       ## ##
     ##       #### ##     ## ######## ########  ##     ##  ######  ########

You're about to initialize a Firebase project in this directory:

  /Users/zrhun/Desktop/Tutorials/Angular App/kanban-fire

[info] 
=== Project Setup
[info] 
[info] First, let's associate this project directory with a Firebase project.
[info] You can create multiple project aliases by running firebase use --add, 
[info] but for now we'll just set up a default project.
[info] 
[debug] [2024-05-24T03:59:17.633Z] >>> [apiv2][query] GET https://firebase.googleapis.com/v1beta1/projects pageSize=100
[debug] [2024-05-24T03:59:19.809Z] <<< [apiv2][status] GET https://firebase.googleapis.com/v1beta1/projects 200
[debug] [2024-05-24T03:59:19.810Z] <<< [apiv2][body] GET https://firebase.googleapis.com/v1beta1/projects [omitted]
[info] i  Using project kanbanfire-e8e82 (KanbanFire) 
[info] 
=== Hosting Setup
[debug] [2024-05-24T03:59:25.280Z] >>> [apiv2][query] GET https://firebase.googleapis.com/v1beta1/projects/kanbanfire-e8e82 [none]
[debug] [2024-05-24T03:59:25.676Z] <<< [apiv2][status] GET https://firebase.googleapis.com/v1beta1/projects/kanbanfire-e8e82 200
[debug] [2024-05-24T03:59:25.676Z] <<< [apiv2][body] GET https://firebase.googleapis.com/v1beta1/projects/kanbanfire-e8e82 {"projectId":"kanbanfire-e8e82","projectNumber":"290227942129","displayName":"KanbanFire","name":"projects/kanbanfire-e8e82","resources":{"hostingSite":"kanbanfire-e8e82"},"state":"ACTIVE","etag":"1_f219bf60-533b-486a-ba86-a4b368815b01"}
[info] 
[info] Your public directory is the folder (relative to your project directory) that
[info] will contain Hosting assets to be uploaded with firebase deploy. If you
[info] have a build process for your assets, use your build's output directory.
[info] 
[debug] [2024-05-24T04:00:02.816Z] >>> [apiv2][query] GET https://www.gstatic.com/firebasejs/releases.json [none]
[debug] [2024-05-24T04:00:02.904Z] <<< [apiv2][status] GET https://www.gstatic.com/firebasejs/releases.json 200
[debug] [2024-05-24T04:00:02.904Z] <<< [apiv2][body] GET https://www.gstatic.com/firebasejs/releases.json {"current":{"version":"10.12.1","browserURL":"https://www.gstatic.com/firebasejs/10.12.1/firebase.js","packageURL":"https://www.gstatic.com/firebasejs/10.12.1/firebase.tgz"},"live":{"version":"10.12","browserURL":"https://www.gstatic.com/firebasejs/live/10.12/firebase.js","packageURL":"https://www.gstatic.com/firebasejs/live/10.12/firebase.tgz"},"components":{"analytics":"https://www.gstatic.com/firebasejs/10.12.1/firebase-analytics.js","app":"https://www.gstatic.com/firebasejs/10.12.1/firebase-app.js","app-check":"https://www.gstatic.com/firebasejs/10.12.1/firebase-app-check.js","auth":"https://www.gstatic.com/firebasejs/10.12.1/firebase-auth.js","auth/cordova":"https://www.gstatic.com/firebasejs/10.12.1/firebase-auth/cordova.js","auth/web-extension":"https://www.gstatic.com/firebasejs/10.12.1/firebase-auth/web-extension.js","functions":"https://www.gstatic.com/firebasejs/10.12.1/firebase-functions.js","firestore":"https://www.gstatic.com/firebasejs/10.12.1/firebase-firestore.js","firestore/lite":"https://www.gstatic.com/firebasejs/10.12.1/firebase-firestore/lite.js","installations":"https://www.gstatic.com/firebasejs/10.12.1/firebase-installations.js","storage":"https://www.gstatic.com/firebasejs/10.12.1/firebase-storage.js","performance":"https://www.gstatic.com/firebasejs/10.12.1/firebase-performance.js","remote-config":"https://www.gstatic.com/firebasejs/10.12.1/firebase-remote-config.js","messaging":"https://www.gstatic.com/firebasejs/10.12.1/firebase-messaging.js","messaging/sw":"https://www.gstatic.com/firebasejs/10.12.1/firebase-messaging/sw.js","database":"https://www.gstatic.com/firebasejs/10.12.1/firebase-database.js","vertexai-preview":"https://www.gstatic.com/firebasejs/10.12.1/firebase-vertexai-preview.js","firestore.memory":"https://www.gstatic.com/firebasejs/10.12.1/firebase-firestore.memory.js"}}
[info] ✔  Wrote public/index.html 
[info] 
[info] i  Detected a .git folder at /Users/zrhun/Desktop/Tutorials/Angular App/kanban-fire 
[info] i  Authorizing with GitHub to upload your service account to a GitHub repository's secrets store. 
[info] 
[info] Visit this URL on this device to log in:
[info] https://github.com/login/oauth/authorize?client_id=89cf50f02ac6aaed3484&state=429232768&redirect_uri=http%3A%2F%2Flocalhost%3A9005&scope=read%3Auser%20repo%20public_repo
[info] 
[info] Waiting for authentication...
[debug] [2024-05-24T04:00:17.869Z] >>> [apiv2][query] POST https://github.com/login/oauth/access_token [none]
[debug] [2024-05-24T04:00:17.870Z] >>> [apiv2][body] POST https://github.com/login/oauth/access_token [stream]
[debug] [2024-05-24T04:00:18.333Z] <<< [apiv2][status] POST https://github.com/login/oauth/access_token 200
[debug] [2024-05-24T04:00:18.333Z] <<< [apiv2][body] POST https://github.com/login/oauth/access_token {"access_token":"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","token_type":"bearer","scope":"read:user,repo"}
[debug] [2024-05-24T04:00:18.428Z] >>> [apiv2][query] GET https://api.github.com/user [none]
[debug] [2024-05-24T04:00:18.933Z] <<< [apiv2][status] GET https://api.github.com/user 200
[debug] [2024-05-24T04:00:18.933Z] <<< [apiv2][body] GET https://api.github.com/user {"login":"00ZRHun","id":58967434,"node_id":"MDQ6VXNlcjU4OTY3NDM0","avatar_url":"https://avatars.githubusercontent.com/u/58967434?v=4","gravatar_id":"","url":"https://api.github.com/users/00ZRHun","html_url":"https://github.com/00ZRHun","followers_url":"https://api.github.com/users/00ZRHun/followers","following_url":"https://api.github.com/users/00ZRHun/following{/other_user}","gists_url":"https://api.github.com/users/00ZRHun/gists{/gist_id}","starred_url":"https://api.github.com/users/00ZRHun/starred{/owner}{/repo}","subscriptions_url":"https://api.github.com/users/00ZRHun/subscriptions","organizations_url":"https://api.github.com/users/00ZRHun/orgs","repos_url":"https://api.github.com/users/00ZRHun/repos","events_url":"https://api.github.com/users/00ZRHun/events{/privacy}","received_events_url":"https://api.github.com/users/00ZRHun/received_events","type":"User","site_admin":false,"name":"Zu Rong Hun","company":null,"blog":"","location":null,"email":null,"hireable":null,"bio":null,"twitter_username":null,"public_repos":138,"public_gists":0,"followers":8,"following":23,"created_at":"2019-12-17T05:31:16Z","updated_at":"2024-03-24T11:09:09Z","private_gists":1,"total_private_repos":2,"owned_private_repos":2,"disk_usage":1318604,"collaborators":0,"two_factor_authentication":false,"plan":{"name":"free","space":976562499,"collaborators":0,"private_repos":10000}}
[info] 
[info] ✔  Success! Logged into GitHub as 00ZRHun 
[info] 
[debug] [2024-05-24T04:00:27.999Z] >>> [apiv2][query] GET https://api.github.com/repos//actions/secrets/public-key type=owner
[debug] [2024-05-24T04:00:28.482Z] <<< [apiv2][status] GET https://api.github.com/repos//actions/secrets/public-key 404
[debug] [2024-05-24T04:00:28.482Z] <<< [apiv2][body] GET https://api.github.com/repos//actions/secrets/public-key {"message":"Not Found","documentation_url":"https://docs.github.com/rest"}
[info] 
[info] 
[error] ⚠  The provided authorization cannot be used with this repository. If this repository is in an organization, did you remember to grant access? 
[info] 
[info] i  Action required: Visit this URL to ensure access has been granted to the appropriate organization(s) for the Firebase CLI GitHub OAuth App: 
[info] https://github.com/settings/connections/applications/89cf50f02ac6aaed3484
[info] 
[debug] [2024-05-24T04:00:36.075Z] >>> [apiv2][query] GET https://api.github.com/repos//actions/secrets/public-key type=owner
[debug] [2024-05-24T04:00:36.569Z] <<< [apiv2][status] GET https://api.github.com/repos//actions/secrets/public-key 404
[debug] [2024-05-24T04:00:36.569Z] <<< [apiv2][body] GET https://api.github.com/repos//actions/secrets/public-key {"message":"Not Found","documentation_url":"https://docs.github.com/rest"}
[info] 
[info] 
[error] ⚠  The provided authorization cannot be used with this repository. If this repository is in an organization, did you remember to grant access? 
[info] 
[info] i  Action required: Visit this URL to ensure access has been granted to the appropriate organization(s) for the Firebase CLI GitHub OAuth App: 
[info] https://github.com/settings/connections/applications/89cf50f02ac6aaed3484
[info] 
[debug] [2024-05-24T04:01:04.909Z] >>> [apiv2][query] GET https://api.github.com/repos/n/actions/secrets/public-key type=owner
[debug] [2024-05-24T04:01:05.284Z] <<< [apiv2][status] GET https://api.github.com/repos/n/actions/secrets/public-key 404
[debug] [2024-05-24T04:01:05.284Z] <<< [apiv2][body] GET https://api.github.com/repos/n/actions/secrets/public-key {"message":"Not Found","documentation_url":"https://docs.github.com/rest"}
[info] 
[info] 
[error] ⚠  The provided authorization cannot be used with this repository. If this repository is in an organization, did you remember to grant access? 
[info] 
[info] i  Action required: Visit this URL to ensure access has been granted to the appropriate organization(s) for the Firebase CLI GitHub OAuth App: 
[info] https://github.com/settings/connections/applications/89cf50f02ac6aaed3484
[info] 
